{
  "RSpec": {
    "coverage": {
      "/home/runner/work/freight_calculator/freight_calculator/app/finder.rb": {
        "lines": [
          1,
          1,
          null,
          1,
          1,
          1,
          1,
          1,
          null,
          1,
          11,
          null,
          11,
          null,
          8,
          null,
          8,
          8,
          null,
          null,
          1,
          8,
          54,
          null,
          null,
          null,
          1,
          1,
          null,
          null
        ],
        "branches": {
          "[:if, 0, 13, 4, 13, 48]": {
            "[:then, 1, 13, 4, 13, 13]": 2,
            "[:else, 2, 13, 4, 13, 48]": 8
          }
        }
      },
      "/home/runner/work/freight_calculator/freight_calculator/app/services/map_reduce_service.rb": {
        "lines": [
          1,
          null,
          1,
          null,
          null,
          null,
          null,
          null,
          null,
          null,
          null,
          null,
          null,
          null,
          null,
          null,
          null,
          null,
          null,
          null,
          null,
          null,
          null,
          null,
          null,
          null,
          null,
          null,
          null,
          null,
          null,
          null,
          null,
          null,
          null,
          null,
          null,
          null,
          null,
          null,
          null,
          null,
          null,
          null,
          null,
          null,
          null,
          null,
          null,
          null,
          null,
          null,
          null,
          null,
          null,
          null,
          null,
          null,
          null,
          null,
          null,
          null,
          null,
          null,
          null,
          null,
          null,
          null,
          null,
          null,
          null,
          null,
          null,
          null,
          null,
          null,
          null,
          null,
          null,
          null,
          null,
          null,
          null,
          null,
          null,
          null,
          null,
          null,
          null,
          null,
          null,
          null,
          null,
          null,
          null,
          null,
          null,
          null,
          null,
          null,
          null,
          null,
          null,
          null,
          null,
          null,
          null,
          null,
          null,
          null,
          null,
          null,
          null,
          null,
          null,
          null,
          null,
          null,
          null,
          null,
          null,
          null,
          null,
          null,
          null,
          null,
          null,
          null,
          null,
          null,
          null,
          null,
          null,
          null,
          null,
          null,
          null,
          null,
          null,
          null,
          null,
          null,
          null,
          null,
          null,
          null,
          1,
          1,
          null,
          null,
          1,
          6,
          null,
          null,
          1,
          3,
          19,
          null,
          null,
          3,
          19,
          null,
          null,
          null
        ],
        "branches": {
          "[:if, 0, 161, 6, 161, 87]": {
            "[:then, 1, 161, 6, 161, 54]": 18,
            "[:else, 2, 161, 6, 161, 87]": 1
          }
        }
      },
      "/home/runner/work/freight_calculator/freight_calculator/app/services/input_parser_service.rb": {
        "lines": [
          1,
          1,
          null,
          1,
          19,
          null,
          null,
          1,
          19,
          null,
          null,
          1,
          19,
          null,
          null,
          1,
          null,
          1,
          19,
          null,
          18,
          null,
          18,
          null,
          null,
          13,
          null,
          null,
          null,
          null,
          null
        ],
        "branches": {
          "[:if, 0, 19, 4, 19, 34]": {
            "[:then, 1, 19, 4, 19, 13]": 1,
            "[:else, 2, 19, 4, 19, 34]": 18
          },
          "[:if, 3, 23, 4, 23, 75]": {
            "[:then, 4, 23, 4, 23, 13]": 5,
            "[:else, 5, 23, 4, 23, 75]": 13
          }
        }
      },
      "/home/runner/work/freight_calculator/freight_calculator/spec/services/calculator_service_spec.rb": {
        "lines": [
          1,
          1,
          1,
          null,
          1,
          1,
          6,
          null,
          1,
          1,
          2,
          2,
          null,
          1,
          1,
          null,
          null,
          null,
          1,
          1,
          1,
          null,
          null,
          null,
          null,
          1,
          1,
          1,
          null,
          null,
          null,
          1,
          1,
          1,
          null,
          null,
          null,
          null,
          1,
          1,
          1,
          null,
          null,
          null,
          1,
          1,
          1,
          null,
          null,
          null,
          null,
          1,
          1,
          1,
          null,
          null,
          null,
          1,
          1,
          1,
          null,
          null,
          null,
          null,
          1,
          1,
          1,
          null,
          null,
          null,
          null
        ],
        "branches": {}
      },
      "/home/runner/work/freight_calculator/freight_calculator/app/services/calculator_service.rb": {
        "lines": [
          1,
          1,
          1,
          null,
          1,
          1,
          null,
          1,
          5,
          null,
          null,
          1,
          5,
          null,
          null,
          1,
          5,
          null,
          5,
          null,
          null,
          null,
          null,
          null,
          5,
          null,
          4,
          null,
          null
        ],
        "branches": {
          "[:if, 0, 25, 4, 25, 41]": {
            "[:then, 1, 25, 4, 25, 13]": 1,
            "[:else, 2, 25, 4, 25, 41]": 4
          }
        }
      },
      "/home/runner/work/freight_calculator/freight_calculator/app/services/cheapest_calculator_service.rb": {
        "lines": [
          1,
          1,
          null,
          1,
          1,
          null,
          1,
          5,
          null,
          null,
          1,
          5,
          null,
          null,
          1,
          null,
          9,
          null,
          null,
          null,
          null,
          1,
          null,
          1,
          1,
          null,
          null,
          1,
          3,
          3,
          null,
          3,
          1,
          2,
          1,
          null,
          1,
          null,
          null,
          null,
          1,
          4,
          null,
          18,
          10,
          null,
          null,
          null,
          10,
          null,
          null,
          1,
          18,
          18,
          null,
          3,
          3,
          null,
          3,
          10,
          50,
          null,
          null,
          4,
          null,
          null,
          null,
          null,
          4,
          null,
          null,
          1,
          18,
          null,
          7,
          7,
          null,
          null
        ],
        "branches": {
          "[:if, 0, 32, 4, 38, 7]": {
            "[:then, 1, 33, 6, 33, 81]": 1,
            "[:else, 2, 34, 4, 38, 7]": 2
          },
          "[:if, 3, 34, 4, 38, 7]": {
            "[:then, 4, 35, 6, 35, 36]": 1,
            "[:else, 5, 37, 6, 37, 39]": 1
          },
          "[:if, 6, 44, 6, 46, 9]": {
            "[:then, 7, 45, 8, 45, 52]": 10,
            "[:else, 8, 44, 6, 46, 9]": 8
          },
          "[:if, 9, 61, 8, 67, 11]": {
            "[:then, 10, 63, 10, 66, 11]": 4,
            "[:else, 11, 61, 8, 67, 11]": 46
          },
          "[:if, 12, 73, 4, 73, 89]": {
            "[:then, 13, 73, 4, 73, 39]": 11,
            "[:else, 14, 73, 4, 73, 89]": 7
          }
        }
      },
      "/home/runner/work/freight_calculator/freight_calculator/app/services/fastest_calculator_service.rb": {
        "lines": [
          1,
          1,
          null,
          1,
          1,
          null,
          1,
          5,
          null,
          null,
          1,
          5,
          null,
          null,
          1,
          null,
          9,
          null,
          null,
          null,
          null,
          1,
          null,
          1,
          1,
          null,
          null,
          1,
          3,
          3,
          null,
          3,
          1,
          2,
          1,
          null,
          1,
          null,
          null,
          null,
          1,
          4,
          null,
          36,
          20,
          null,
          null,
          null,
          20,
          null,
          null,
          1,
          30,
          30,
          null,
          3,
          3,
          null,
          3,
          18,
          126,
          null,
          null,
          6,
          null,
          null,
          null,
          null,
          6,
          null,
          null,
          1,
          32,
          null,
          null
        ],
        "branches": {
          "[:if, 0, 32, 4, 38, 7]": {
            "[:then, 1, 33, 6, 33, 79]": 1,
            "[:else, 2, 34, 4, 38, 7]": 2
          },
          "[:if, 3, 34, 4, 38, 7]": {
            "[:then, 4, 35, 6, 35, 35]": 1,
            "[:else, 5, 37, 6, 37, 38]": 1
          },
          "[:if, 6, 44, 6, 46, 9]": {
            "[:then, 7, 45, 8, 45, 66]": 20,
            "[:else, 8, 44, 6, 46, 9]": 16
          },
          "[:if, 9, 61, 8, 67, 11]": {
            "[:then, 10, 63, 10, 66, 11]": 6,
            "[:else, 11, 61, 8, 67, 11]": 120
          }
        }
      },
      "/home/runner/work/freight_calculator/freight_calculator/spec/services/cheapest_calculator_service_spec.rb": {
        "lines": [
          1,
          1,
          null,
          1,
          1,
          6,
          null,
          1,
          1,
          2,
          2,
          null,
          1,
          1,
          null,
          null,
          null,
          1,
          1,
          1,
          null,
          null,
          null,
          1,
          null,
          null,
          1,
          null,
          null,
          null,
          null,
          null,
          null,
          null,
          null,
          null,
          null,
          1,
          1,
          1,
          1,
          1,
          null,
          null,
          1,
          1,
          null,
          null,
          null,
          1,
          1,
          1,
          1,
          null,
          null,
          null,
          2,
          null,
          1,
          1,
          null,
          null,
          null,
          1,
          1,
          1,
          null,
          null,
          null,
          2,
          null,
          1,
          1,
          1,
          1,
          null,
          null,
          1,
          1,
          null,
          null,
          null,
          1,
          1,
          1,
          null,
          null,
          null,
          2,
          null,
          1,
          1,
          1,
          1,
          null,
          null,
          1,
          1,
          null,
          null,
          null,
          null,
          null
        ],
        "branches": {}
      },
      "/home/runner/work/freight_calculator/freight_calculator/spec/services/fastest_calculator_service_spec.rb": {
        "lines": [
          1,
          1,
          null,
          1,
          1,
          6,
          null,
          1,
          1,
          2,
          2,
          null,
          1,
          1,
          null,
          null,
          null,
          1,
          1,
          1,
          null,
          null,
          null,
          2,
          null,
          1,
          1,
          1,
          1,
          null,
          null,
          1,
          1,
          null,
          null,
          null,
          1,
          1,
          1,
          1,
          null,
          null,
          null,
          2,
          null,
          1,
          1,
          1,
          1,
          null,
          null,
          1,
          1,
          null,
          null,
          null,
          1,
          1,
          1,
          null,
          null,
          null,
          2,
          null,
          1,
          1,
          1,
          1,
          null,
          null,
          1,
          1,
          null,
          null,
          null,
          1,
          1,
          1,
          null,
          null,
          null,
          2,
          null,
          1,
          1,
          1,
          1,
          null,
          null,
          1,
          1,
          null,
          null,
          null,
          null,
          null
        ],
        "branches": {}
      },
      "/home/runner/work/freight_calculator/freight_calculator/spec/services/input_parser_service_spec.rb": {
        "lines": [
          1,
          1,
          null,
          1,
          2,
          4,
          null,
          1,
          1,
          2,
          2,
          null,
          1,
          1,
          null,
          null,
          null,
          1,
          2,
          null,
          1,
          1,
          null,
          null,
          null,
          1,
          1,
          1,
          null,
          null,
          null,
          1,
          null,
          1,
          null,
          null,
          null,
          null,
          null,
          1,
          1,
          null,
          null,
          null,
          null
        ],
        "branches": {}
      },
      "/home/runner/work/freight_calculator/freight_calculator/spec/services/map_reduce_service_spec.rb": {
        "lines": [
          1,
          1,
          null,
          1,
          5,
          1,
          1,
          1,
          null,
          null,
          null,
          1,
          1,
          1,
          null,
          null,
          null,
          1,
          1,
          null,
          1,
          null,
          null,
          null,
          null,
          null,
          null,
          null,
          null,
          null,
          null,
          1,
          1,
          1,
          1,
          null,
          null,
          null,
          null
        ],
        "branches": {}
      }
    },
    "timestamp": 1742637503
  }
}
