{
  "RSpec": {
    "coverage": {
      "/home/runner/work/freight_calculator/freight_calculator/app/services/calculator_service.rb": {
        "lines": [
          null,
          null,
          1,
          1,
          null,
          1,
          1,
          1,
          1,
          1,
          null,
          1,
          27,
          null,
          null,
          1,
          27,
          null,
          null,
          1,
          27,
          null,
          27,
          null,
          20,
          null,
          20,
          20,
          null,
          null,
          1,
          1,
          null,
          null
        ],
        "branches": {
          "[:if, 0, 23, 4, 23, 48]": {
            "[:then, 1, 23, 4, 23, 13]": 6,
            "[:else, 2, 23, 4, 23, 48]": 20
          }
        }
      },
      "/home/runner/work/freight_calculator/freight_calculator/app/services/input_parser_service.rb": {
        "lines": [
          null,
          null,
          1,
          1,
          null,
          1,
          35,
          null,
          null,
          1,
          35,
          null,
          null,
          1,
          35,
          null,
          null,
          1,
          null,
          1,
          35,
          null,
          34,
          null,
          34,
          null,
          null,
          29,
          null,
          null,
          null,
          null,
          null
        ],
        "branches": {
          "[:if, 0, 21, 4, 21, 34]": {
            "[:then, 1, 21, 4, 21, 13]": 1,
            "[:else, 2, 21, 4, 21, 34]": 34
          },
          "[:if, 3, 25, 4, 25, 75]": {
            "[:then, 4, 25, 4, 25, 13]": 5,
            "[:else, 5, 25, 4, 25, 75]": 29
          }
        }
      },
      "/home/runner/work/freight_calculator/freight_calculator/app/services/map_reduce_service.rb": {
        "lines": [
          null,
          null,
          1,
          null,
          1,
          1,
          null,
          1,
          8,
          null,
          null,
          1,
          10,
          72,
          null,
          null,
          10,
          72,
          null,
          null,
          null
        ],
        "branches": {
          "[:if, 0, 18, 6, 18, 87]": {
            "[:then, 1, 18, 6, 18, 54]": 71,
            "[:else, 2, 18, 6, 18, 87]": 1
          }
        }
      },
      "/home/runner/work/freight_calculator/freight_calculator/app/payload.rb": {
        "lines": [
          null,
          null,
          1,
          null,
          1,
          null,
          null,
          null,
          null,
          null,
          null,
          null,
          null,
          null,
          null,
          null,
          null,
          null,
          null,
          null,
          null,
          null,
          null,
          null,
          null,
          null,
          null,
          null,
          null,
          null,
          null,
          null,
          null,
          null,
          null,
          null,
          null,
          null,
          null,
          null,
          null,
          null,
          null,
          null,
          null,
          null,
          null,
          null,
          null,
          null,
          null,
          null,
          null,
          null,
          null,
          null,
          null,
          null,
          null,
          null,
          null,
          null,
          null,
          null,
          null,
          null,
          null,
          null,
          null,
          null,
          null,
          null,
          null,
          null,
          null,
          null,
          null,
          null,
          null,
          null,
          null,
          null,
          null,
          null,
          null,
          null,
          null,
          null,
          null,
          null,
          null,
          null,
          null,
          null,
          null,
          null,
          null,
          null,
          null,
          null,
          null,
          null,
          null,
          null,
          null,
          null,
          null,
          null,
          null,
          null,
          null,
          null,
          null,
          null,
          null,
          null,
          null,
          null,
          null,
          null,
          null,
          null,
          null,
          null,
          null,
          null,
          null,
          null,
          null,
          null,
          null,
          null,
          null,
          null,
          null,
          null,
          null,
          null,
          null,
          null,
          null,
          null,
          null,
          null,
          null,
          null,
          null,
          null,
          1,
          46,
          null,
          null
        ],
        "branches": {}
      },
      "/home/runner/work/freight_calculator/freight_calculator/spec/services/cheapest_calculator_service_spec.rb": {
        "lines": [
          null,
          null,
          1,
          1,
          null,
          1,
          1,
          14,
          null,
          1,
          1,
          2,
          2,
          null,
          1,
          1,
          null,
          null,
          null,
          1,
          1,
          1,
          1,
          null,
          null,
          null,
          2,
          null,
          1,
          1,
          null,
          null,
          1,
          1,
          null,
          null,
          null,
          1,
          1,
          1,
          null,
          null,
          null,
          2,
          null,
          1,
          1,
          null,
          null,
          null,
          1,
          1,
          1,
          null,
          null,
          null,
          2,
          null,
          1,
          1,
          null,
          null,
          null,
          1,
          1,
          1,
          null,
          null,
          null,
          2,
          null,
          1,
          1,
          null,
          null,
          null,
          1,
          1,
          1,
          null,
          null,
          null,
          2,
          null,
          1,
          1,
          null,
          1,
          null,
          null,
          null,
          null,
          1,
          1,
          1,
          1,
          null,
          null,
          null,
          2,
          null,
          1,
          1,
          null,
          null,
          1,
          1,
          null,
          null,
          null,
          1,
          1,
          1,
          null,
          null,
          null,
          2,
          null,
          1,
          1,
          null,
          null,
          1,
          1,
          null,
          null,
          null,
          1,
          1,
          1,
          null,
          null,
          null,
          2,
          null,
          1,
          1,
          null,
          null,
          1,
          1,
          null,
          null,
          null,
          1,
          1,
          1,
          null,
          null,
          null,
          2,
          null,
          1,
          1,
          null,
          null,
          null,
          1,
          1,
          1,
          null,
          null,
          null,
          2,
          null,
          1,
          1,
          null,
          null,
          null,
          1,
          1,
          1,
          null,
          null,
          null,
          2,
          null,
          1,
          1,
          null,
          1,
          null,
          null,
          null,
          1,
          1,
          1,
          null,
          null,
          null,
          2,
          null,
          1,
          1,
          null,
          null,
          null,
          null,
          null
        ],
        "branches": {}
      },
      "/home/runner/work/freight_calculator/freight_calculator/app/services/cheapest_calculator_service.rb": {
        "lines": [
          null,
          null,
          1,
          1,
          1,
          1,
          null,
          1,
          1,
          null,
          1,
          1,
          null,
          1,
          23,
          null,
          null,
          null,
          null,
          null,
          1,
          null,
          1,
          4,
          null,
          null,
          1,
          6,
          6,
          null,
          6,
          3,
          3,
          1,
          null,
          2,
          null,
          null,
          null,
          1,
          10,
          null,
          10,
          61,
          null,
          null,
          null,
          11,
          11,
          null,
          null,
          1,
          6,
          null,
          6,
          19,
          null,
          17,
          5,
          null,
          null,
          1,
          17,
          53,
          null,
          null,
          5,
          null,
          null,
          null,
          null,
          null,
          1,
          21,
          null,
          10,
          10,
          null,
          null,
          1,
          37,
          20,
          null,
          null,
          16,
          null,
          null
        ],
        "branches": {
          "[:if, 0, 31, 4, 37, 7]": {
            "[:then, 1, 32, 6, 32, 81]": 3,
            "[:else, 2, 33, 4, 37, 7]": 3
          },
          "[:if, 3, 33, 4, 37, 7]": {
            "[:then, 4, 34, 6, 34, 36]": 1,
            "[:else, 5, 36, 6, 36, 39]": 2
          },
          "[:unless, 6, 44, 6, 46, 51]": {
            "[:else, 7, 44, 6, 46, 51]": 11,
            "[:then, 8, 44, 6, 44, 10]": 50
          },
          "[:unless, 9, 56, 6, 56, 53]": {
            "[:else, 10, 56, 6, 56, 53]": 17,
            "[:then, 11, 56, 6, 56, 10]": 2
          },
          "[:unless, 12, 64, 6, 64, 94]": {
            "[:else, 13, 64, 6, 64, 94]": 5,
            "[:then, 14, 64, 6, 64, 10]": 48
          },
          "[:if, 15, 74, 4, 74, 89]": {
            "[:then, 16, 74, 4, 74, 39]": 11,
            "[:else, 17, 74, 4, 74, 89]": 10
          },
          "[:if, 18, 81, 4, 81, 65]": {
            "[:then, 19, 81, 4, 81, 15]": 17,
            "[:else, 20, 81, 4, 81, 65]": 20
          },
          "[:if, 21, 82, 4, 83, 113]": {
            "[:then, 22, 82, 4, 82, 16]": 4,
            "[:else, 23, 82, 4, 83, 113]": 16
          }
        }
      },
      "/home/runner/work/freight_calculator/freight_calculator/app/searchable.rb": {
        "lines": [
          null,
          null,
          1,
          1,
          20,
          136,
          null,
          null,
          null,
          1,
          97,
          12,
          null,
          null,
          1,
          385,
          42,
          null,
          null,
          1,
          180,
          null,
          null,
          null
        ],
        "branches": {}
      },
      "/home/runner/work/freight_calculator/freight_calculator/spec/services/fastest_calculator_service_spec.rb": {
        "lines": [
          null,
          null,
          1,
          1,
          null,
          1,
          1,
          14,
          null,
          1,
          1,
          2,
          2,
          null,
          1,
          1,
          null,
          null,
          null,
          1,
          1,
          1,
          null,
          null,
          null,
          2,
          null,
          1,
          5,
          null,
          null,
          1,
          1,
          null,
          null,
          1,
          1,
          1,
          null,
          null,
          null,
          2,
          null,
          1,
          1,
          null,
          null,
          null,
          1,
          1,
          1,
          null,
          null,
          null,
          2,
          null,
          1,
          1,
          null,
          null,
          null,
          1,
          1,
          1,
          null,
          null,
          null,
          2,
          null,
          1,
          1,
          null,
          null,
          null,
          1,
          1,
          1,
          null,
          null,
          null,
          2,
          null,
          1,
          1,
          null,
          null,
          1,
          1,
          null,
          null,
          null,
          null,
          1,
          1,
          1,
          1,
          null,
          null,
          null,
          2,
          null,
          1,
          1,
          null,
          null,
          1,
          1,
          null,
          null,
          null,
          1,
          1,
          1,
          null,
          null,
          null,
          2,
          null,
          1,
          1,
          null,
          null,
          1,
          1,
          null,
          null,
          null,
          1,
          1,
          1,
          null,
          null,
          null,
          2,
          null,
          1,
          1,
          null,
          null,
          1,
          1,
          null,
          null,
          null,
          1,
          1,
          1,
          null,
          null,
          null,
          2,
          null,
          1,
          1,
          null,
          null,
          null,
          1,
          1,
          1,
          null,
          null,
          null,
          2,
          null,
          1,
          1,
          null,
          null,
          null,
          1,
          1,
          1,
          null,
          null,
          null,
          2,
          null,
          1,
          1,
          null,
          null,
          null,
          1,
          1,
          1,
          null,
          null,
          null,
          2,
          null,
          1,
          1,
          null,
          null,
          1,
          1,
          null,
          null,
          null,
          null,
          null
        ],
        "branches": {}
      },
      "/home/runner/work/freight_calculator/freight_calculator/app/services/fastest_calculator_service.rb": {
        "lines": [
          null,
          null,
          1,
          1,
          1,
          null,
          1,
          1,
          null,
          1,
          23,
          null,
          null,
          null,
          null,
          null,
          1,
          null,
          1,
          4,
          null,
          null,
          1,
          6,
          6,
          null,
          6,
          3,
          3,
          1,
          null,
          2,
          null,
          null,
          null,
          1,
          10,
          null,
          10,
          75,
          21,
          null,
          null,
          null,
          21,
          null,
          null,
          1,
          6,
          null,
          6,
          25,
          127,
          null,
          null,
          7,
          null,
          null,
          null,
          7,
          null,
          null,
          1,
          35,
          null,
          null
        ],
        "branches": {
          "[:if, 0, 27, 4, 33, 7]": {
            "[:then, 1, 28, 6, 28, 79]": 3,
            "[:else, 2, 29, 4, 33, 7]": 3
          },
          "[:if, 3, 29, 4, 33, 7]": {
            "[:then, 4, 30, 6, 30, 35]": 1,
            "[:else, 5, 32, 6, 32, 38]": 2
          },
          "[:if, 6, 40, 6, 42, 9]": {
            "[:then, 7, 41, 8, 41, 66]": 21,
            "[:else, 8, 40, 6, 42, 9]": 54
          },
          "[:unless, 9, 53, 8, 53, 56]": {
            "[:else, 10, 53, 8, 53, 56]": 7,
            "[:then, 11, 53, 8, 53, 12]": 120
          }
        }
      },
      "/home/runner/work/freight_calculator/freight_calculator/spec/services/input_parser_service_spec.rb": {
        "lines": [
          null,
          null,
          1,
          1,
          null,
          1,
          2,
          4,
          null,
          1,
          1,
          2,
          2,
          null,
          1,
          1,
          null,
          null,
          null,
          1,
          2,
          null,
          1,
          1,
          null,
          null,
          null,
          1,
          1,
          1,
          null,
          null,
          null,
          1,
          1,
          null,
          null,
          null,
          null,
          null,
          null,
          1,
          1,
          null,
          null,
          null,
          null
        ],
        "branches": {}
      },
      "/home/runner/work/freight_calculator/freight_calculator/spec/services/loader_service_spec.rb": {
        "lines": [
          null,
          null,
          1,
          1,
          1,
          1,
          null,
          1,
          1,
          6,
          null,
          1,
          1,
          2,
          2,
          null,
          1,
          1,
          null,
          null,
          null,
          1,
          1,
          1,
          null,
          null,
          null,
          null,
          1,
          1,
          1,
          null,
          null,
          null,
          1,
          1,
          1,
          null,
          null,
          null,
          null,
          1,
          1,
          1,
          null,
          null,
          null,
          1,
          1,
          1,
          null,
          null,
          null,
          null,
          1,
          1,
          1,
          null,
          null,
          null,
          1,
          1,
          1,
          null,
          null,
          null,
          null,
          1,
          1,
          1,
          null,
          null,
          null,
          null
        ],
        "branches": {}
      },
      "/home/runner/work/freight_calculator/freight_calculator/app/services/loader_service.rb": {
        "lines": [
          null,
          null,
          1,
          1,
          1,
          null,
          1,
          1,
          null,
          1,
          5,
          null,
          null,
          1,
          5,
          null,
          null,
          1,
          5,
          5,
          null,
          null,
          null,
          null,
          null,
          null,
          5,
          null,
          4,
          null,
          null
        ],
        "branches": {
          "[:if, 0, 27, 4, 27, 41]": {
            "[:then, 1, 27, 4, 27, 13]": 1,
            "[:else, 2, 27, 4, 27, 41]": 4
          }
        }
      },
      "/home/runner/work/freight_calculator/freight_calculator/spec/services/map_reduce_service_spec.rb": {
        "lines": [
          null,
          null,
          1,
          1,
          null,
          1,
          3,
          null,
          1,
          1,
          null,
          1,
          null,
          null,
          null,
          null,
          null,
          null,
          null,
          null,
          null,
          null,
          1,
          1,
          1,
          1,
          null,
          null,
          null,
          null,
          null,
          null,
          null,
          null,
          null,
          null,
          null,
          null,
          null,
          null
        ],
        "branches": {}
      }
    },
    "timestamp": 1743147937
  }
}
